[2020-11-20T11:16:04.110] [DEBUG] cheese - login => username:admin,password:123456
[2020-11-20T11:16:04.111] [DEBUG] cheese - admin
[2020-11-20T11:16:04.447] [DEBUG] cheese - null
[2020-11-20T11:16:04.447] [DEBUG] cheese - null
[2020-11-20T14:14:00.582] [DEBUG] cheese - login => username:admin,password:123456
[2020-11-20T14:14:00.583] [DEBUG] cheese - admin
[2020-11-20T14:14:00.590] [DEBUG] cheese - null
[2020-11-20T14:14:00.590] [DEBUG] cheese - null
[2020-11-22T11:32:31.371] [DEBUG] cheese - login => username:admin,password:123456
[2020-11-22T11:32:31.373] [DEBUG] cheese - admin
[2020-11-22T11:32:32.565] [DEBUG] cheese - null
[2020-11-22T11:32:32.566] [DEBUG] cheese - null
[2020-11-23T08:09:45.791] [DEBUG] cheese - login => username:admin,password:123456
[2020-11-23T08:09:45.792] [DEBUG] cheese - admin
[2020-11-23T08:09:46.321] [DEBUG] cheese - null
[2020-11-23T08:09:46.322] [DEBUG] cheese - null
[2020-11-23T08:49:10.515] [DEBUG] cheese - login => username:admin,password:123456
[2020-11-23T08:49:10.515] [DEBUG] cheese - admin
[2020-11-23T08:49:10.517] [DEBUG] cheese - null
[2020-11-23T08:49:10.517] [DEBUG] cheese - null
[2020-11-23T10:49:19.544] [DEBUG] cheese - login => username:admin,password:123456
[2020-11-23T10:49:19.544] [DEBUG] cheese - admin
[2020-11-23T10:49:19.545] [DEBUG] cheese - null
[2020-11-23T10:49:19.546] [DEBUG] cheese - null
[2020-11-24T08:56:29.365] [DEBUG] cheese - null
[2020-11-24T08:56:36.318] [DEBUG] cheese - null
[2020-11-24T08:59:31.879] [DEBUG] cheese - null
[2020-11-24T09:01:01.898] [DEBUG] cheese - null
[2020-11-24T09:09:27.769] [DEBUG] cheese - login => username:admin,password:123456
[2020-11-24T09:09:27.769] [DEBUG] cheese - admin
[2020-11-24T09:09:27.771] [DEBUG] cheese - null
[2020-11-24T09:09:27.771] [DEBUG] cheese - null
[2020-11-24T09:11:49.729] [DEBUG] cheese - login => username:admin,password:123456
[2020-11-24T09:11:49.729] [DEBUG] cheese - admin
[2020-11-24T09:11:49.730] [DEBUG] cheese - null
[2020-11-24T09:11:49.730] [DEBUG] cheese - null
[2020-11-24T14:12:16.699] [DEBUG] cheese - login => username:admin,password:123456
[2020-11-24T14:12:16.700] [DEBUG] cheese - admin
[2020-11-24T14:12:16.703] [DEBUG] cheese - null
[2020-11-24T14:12:16.703] [DEBUG] cheese - null
[2020-11-24T16:53:07.012] [DEBUG] cheese - login => username:admin,password:123456
[2020-11-24T16:53:07.013] [DEBUG] cheese - admin
[2020-11-24T16:53:07.020] [DEBUG] cheese - null
[2020-11-24T16:53:07.021] [DEBUG] cheese - null
[2020-11-24T16:56:28.041] [DEBUG] cheese - login => username:admin,password:123456
[2020-11-24T16:56:28.042] [DEBUG] cheese - admin
[2020-11-24T16:56:28.044] [DEBUG] cheese - null
[2020-11-24T16:56:28.044] [DEBUG] cheese - null
[2020-11-24T19:19:35.239] [DEBUG] cheese - login => username:admin,password:123456
[2020-11-24T19:19:35.240] [DEBUG] cheese - admin
[2020-11-24T19:19:35.247] [DEBUG] cheese - null
[2020-11-24T19:19:35.248] [DEBUG] cheese - null
[2020-11-24T19:28:50.597] [DEBUG] cheese - null
[2020-11-24T19:45:03.116] [DEBUG] cheese - login => username:admin,password:123456
[2020-11-24T19:45:03.117] [DEBUG] cheese - admin
[2020-11-24T19:45:03.119] [DEBUG] cheese - null
[2020-11-24T19:45:03.119] [DEBUG] cheese - null
[2020-11-25T08:02:10.091] [DEBUG] cheese - login => username:admin,password:123456
[2020-11-25T08:02:10.092] [DEBUG] cheese - admin
[2020-11-25T08:02:10.225] [DEBUG] cheese - null
[2020-11-25T08:02:10.225] [DEBUG] cheese - null
[2020-11-25T08:40:44.396] [DEBUG] cheese - login => username:admin,password:123456
[2020-11-25T08:40:44.397] [DEBUG] cheese - admin
[2020-11-25T08:40:44.404] [DEBUG] cheese - null
[2020-11-25T08:40:44.404] [DEBUG] cheese - null
[2020-11-25T08:43:13.273] [DEBUG] cheese - login => username:admin,password:123456
[2020-11-25T08:43:13.273] [DEBUG] cheese - admin
[2020-11-25T08:43:13.275] [DEBUG] cheese - null
[2020-11-25T08:43:13.275] [DEBUG] cheese - null
[2020-11-25T10:58:08.690] [DEBUG] cheese - login => username:admin,password:123456
[2020-11-25T10:58:08.691] [DEBUG] cheese - admin
[2020-11-25T10:58:08.700] [DEBUG] cheese - null
[2020-11-25T10:58:08.700] [DEBUG] cheese - null
[2020-11-25T11:00:40.302] [DEBUG] cheese - login => username:admin,password:123456
[2020-11-25T11:00:40.303] [DEBUG] cheese - admin
[2020-11-25T11:00:40.306] [DEBUG] cheese - null
[2020-11-25T11:00:40.306] [DEBUG] cheese - null
[2020-11-25T11:11:46.395] [DEBUG] cheese - login => username:admin,password:123456
[2020-11-25T11:11:46.395] [DEBUG] cheese - admin
[2020-11-25T11:11:46.397] [DEBUG] cheese - null
[2020-11-25T11:11:46.398] [DEBUG] cheese - null
[2020-11-25T11:16:05.573] [DEBUG] cheese - login => username:admin,password:123456
[2020-11-25T11:16:05.574] [DEBUG] cheese - admin
[2020-11-25T11:16:05.576] [DEBUG] cheese - null
[2020-11-25T11:16:05.577] [DEBUG] cheese - null
[2020-11-25T16:20:07.640] [DEBUG] cheese - login => username:admin,password:123456
[2020-11-25T16:20:07.641] [DEBUG] cheese - admin
[2020-11-25T16:20:07.647] [DEBUG] cheese - null
[2020-11-25T16:20:07.647] [DEBUG] cheese - null
[2020-11-25T16:22:19.864] [DEBUG] cheese - login => username:admin,password:123456
[2020-11-25T16:22:19.864] [DEBUG] cheese - admin
[2020-11-25T16:22:19.867] [DEBUG] cheese - null
[2020-11-25T16:22:19.868] [DEBUG] cheese - null
[2020-11-25T16:25:30.248] [DEBUG] cheese - login => username:admin,password:123456
[2020-11-25T16:25:30.248] [DEBUG] cheese - admin
[2020-11-25T16:25:30.250] [DEBUG] cheese - null
[2020-11-25T16:25:30.250] [DEBUG] cheese - null
[2020-11-25T16:42:24.313] [DEBUG] cheese - login => username:admin,password:123456
[2020-11-25T16:42:24.314] [DEBUG] cheese - admin
[2020-11-25T16:42:24.318] [DEBUG] cheese - null
[2020-11-25T16:42:24.319] [DEBUG] cheese - null
[2020-11-25T17:07:29.643] [DEBUG] cheese - login => username:admin,password:123456
[2020-11-25T17:07:29.644] [DEBUG] cheese - admin
[2020-11-25T17:07:29.647] [DEBUG] cheese - null
[2020-11-25T17:07:29.648] [DEBUG] cheese - null
[2020-11-25T17:15:41.532] [DEBUG] cheese - login => username:admin,password:123456
[2020-11-25T17:15:41.533] [DEBUG] cheese - admin
[2020-11-25T17:15:41.535] [DEBUG] cheese - null
[2020-11-25T17:15:41.536] [DEBUG] cheese - null
[2020-11-25T17:24:40.281] [DEBUG] cheese - login => username:admin,password:123456
[2020-11-25T17:24:40.281] [DEBUG] cheese - admin
[2020-11-25T17:24:40.283] [DEBUG] cheese - null
[2020-11-25T17:24:40.283] [DEBUG] cheese - null
[2020-11-25T17:26:21.316] [DEBUG] cheese - login => username:admin,password:123456
[2020-11-25T17:26:21.316] [DEBUG] cheese - admin
[2020-11-25T17:26:21.317] [DEBUG] cheese - null
[2020-11-25T17:26:21.317] [DEBUG] cheese - null
[2020-11-25T18:54:20.125] [DEBUG] cheese - login => username:admin,password:123456
[2020-11-25T18:54:20.125] [DEBUG] cheese - admin
[2020-11-25T18:54:20.126] [DEBUG] cheese - null
[2020-11-25T18:54:20.126] [DEBUG] cheese - null
[2020-11-25T18:55:35.378] [DEBUG] cheese - login => username:admin,password:123456
[2020-11-25T18:55:35.380] [DEBUG] cheese - admin
[2020-11-25T18:55:35.383] [DEBUG] cheese - null
[2020-11-25T18:55:35.383] [DEBUG] cheese - null
[2020-11-25T19:37:52.741] [DEBUG] cheese - login => username:admin,password:123456
[2020-11-25T19:37:52.743] [DEBUG] cheese - admin
[2020-11-25T19:37:52.747] [DEBUG] cheese - null
[2020-11-25T19:37:52.747] [DEBUG] cheese - null
[2020-11-25T19:42:16.296] [DEBUG] cheese - login => username:admin,password:123456
[2020-11-25T19:42:16.297] [DEBUG] cheese - admin
[2020-11-25T19:42:16.299] [DEBUG] cheese - null
[2020-11-25T19:42:16.300] [DEBUG] cheese - null
[2020-11-25T19:43:58.989] [DEBUG] cheese - login => username:admin,password:123456
[2020-11-25T19:43:58.990] [DEBUG] cheese - admin
[2020-11-25T19:43:58.997] [DEBUG] cheese - null
[2020-11-25T19:43:58.998] [DEBUG] cheese - null
[2020-11-25T19:45:33.916] [DEBUG] cheese - login => username:admin,password:123456
[2020-11-25T19:45:33.918] [DEBUG] cheese - admin
[2020-11-25T19:45:33.920] [DEBUG] cheese - null
[2020-11-25T19:45:33.921] [DEBUG] cheese - null
[2020-11-25T19:48:02.373] [DEBUG] cheese - login => username:admin,password:123456
[2020-11-25T19:48:02.373] [DEBUG] cheese - admin
[2020-11-25T19:48:02.375] [DEBUG] cheese - null
[2020-11-25T19:48:02.375] [DEBUG] cheese - null
[2020-11-25T19:51:21.165] [DEBUG] cheese - login => username:admin,password:123456
[2020-11-25T19:51:21.165] [DEBUG] cheese - admin
[2020-11-25T19:51:21.166] [DEBUG] cheese - null
[2020-11-25T19:51:21.166] [DEBUG] cheese - null
[2020-11-25T19:54:32.972] [DEBUG] cheese - login => username:admin,password:123456
[2020-11-25T19:54:32.972] [DEBUG] cheese - admin
[2020-11-25T19:54:32.974] [DEBUG] cheese - null
[2020-11-25T19:54:32.974] [DEBUG] cheese - null
[2020-11-25T19:56:09.204] [DEBUG] cheese - login => username:admin,password:123456
[2020-11-25T19:56:09.204] [DEBUG] cheese - admin
[2020-11-25T19:56:09.206] [DEBUG] cheese - null
[2020-11-25T19:56:09.206] [DEBUG] cheese - null
[2020-11-26T08:07:41.914] [DEBUG] cheese - login => username:admin,password:123456
[2020-11-26T08:07:41.918] [DEBUG] cheese - admin
[2020-11-26T08:07:41.940] [DEBUG] cheese - null
[2020-11-26T08:07:41.942] [DEBUG] cheese - null
[2020-11-26T08:20:48.245] [DEBUG] cheese - login => username:admin,password:123456
[2020-11-26T08:20:48.245] [DEBUG] cheese - admin
[2020-11-26T08:20:48.247] [DEBUG] cheese - null
[2020-11-26T08:20:48.248] [DEBUG] cheese - null
[2020-11-26T08:23:44.492] [DEBUG] cheese - login => username:admin,password:123456
[2020-11-26T08:23:44.494] [DEBUG] cheese - admin
[2020-11-26T08:23:44.501] [DEBUG] cheese - null
[2020-11-26T08:23:44.501] [DEBUG] cheese - null
[2020-11-26T08:30:36.173] [DEBUG] cheese - login => username:admin,password:123456
[2020-11-26T08:30:36.173] [DEBUG] cheese - admin
[2020-11-26T08:30:36.176] [DEBUG] cheese - null
[2020-11-26T08:30:36.176] [DEBUG] cheese - null
[2020-11-26T08:31:48.944] [DEBUG] cheese - login => username:admin,password:123456
[2020-11-26T08:31:48.944] [DEBUG] cheese - admin
[2020-11-26T08:31:48.947] [DEBUG] cheese - null
[2020-11-26T08:31:48.948] [DEBUG] cheese - null
[2020-11-26T08:50:18.542] [DEBUG] cheese - login => username:admin,password:123456
[2020-11-26T08:50:18.543] [DEBUG] cheese - admin
[2020-11-26T08:50:18.545] [DEBUG] cheese - null
[2020-11-26T08:50:18.545] [DEBUG] cheese - null
[2020-11-26T15:12:57.857] [DEBUG] cheese - login => username:admin,password:123456
[2020-11-26T15:12:57.858] [DEBUG] cheese - admin
[2020-11-26T15:12:58.108] [DEBUG] cheese - null
[2020-11-26T15:12:58.109] [DEBUG] cheese - null
[2020-11-26T15:25:07.109] [DEBUG] cheese - login => username:admin,password:123456
[2020-11-26T15:25:07.109] [DEBUG] cheese - admin
[2020-11-26T15:25:07.111] [DEBUG] cheese - null
[2020-11-26T15:25:07.111] [DEBUG] cheese - null
[2020-11-26T15:25:33.763] [DEBUG] cheese - login => username:linken,password:123456
[2020-11-26T15:25:33.763] [DEBUG] cheese - linken
[2020-11-26T15:25:33.766] [DEBUG] cheese - null
[2020-11-26T15:25:33.766] [DEBUG] cheese - null
[2020-11-26T15:25:36.674] [DEBUG] cheese - login => username:admin,password:123456
[2020-11-26T15:25:36.674] [DEBUG] cheese - admin
[2020-11-26T15:25:36.677] [DEBUG] cheese - null
[2020-11-26T15:25:36.678] [DEBUG] cheese - null
[2020-11-26T15:50:30.635] [DEBUG] cheese - login => username:admin,password:123456
[2020-11-26T15:50:30.636] [DEBUG] cheese - admin
[2020-11-26T15:50:30.639] [DEBUG] cheese - null
[2020-11-26T15:50:30.639] [DEBUG] cheese - null
[2020-11-26T19:18:46.355] [DEBUG] cheese - login => username:admin,password:123456
[2020-11-26T19:18:46.356] [DEBUG] cheese - admin
[2020-11-26T19:18:46.359] [DEBUG] cheese - null
[2020-11-26T19:18:46.360] [DEBUG] cheese - null
[2020-11-30T08:00:36.537] [DEBUG] cheese - login => username:admin,password:123456
[2020-11-30T08:00:36.538] [DEBUG] cheese - admin
[2020-11-30T08:00:36.663] [DEBUG] cheese - null
[2020-11-30T08:00:36.664] [DEBUG] cheese - null
[2020-11-30T10:31:01.061] [DEBUG] cheese - login => username:admin,password:123456
[2020-11-30T10:31:01.062] [DEBUG] cheese - admin
[2020-11-30T10:31:01.065] [DEBUG] cheese - null
[2020-11-30T10:31:01.065] [DEBUG] cheese - null
[2020-11-30T10:32:07.609] [DEBUG] cheese - login => username:admin,password:123456
[2020-11-30T10:32:07.610] [DEBUG] cheese - admin
[2020-11-30T10:32:07.613] [DEBUG] cheese - null
[2020-11-30T10:32:07.614] [DEBUG] cheese - null
[2020-11-30T10:35:12.270] [DEBUG] cheese - login => username:admin,password:123456
[2020-11-30T10:35:12.271] [DEBUG] cheese - admin
[2020-11-30T10:35:12.276] [DEBUG] cheese - null
[2020-11-30T10:35:12.276] [DEBUG] cheese - null
[2022-11-01T17:03:38.454] [DEBUG] cheese - login => username:admin,password:123456
[2022-11-01T17:03:38.455] [DEBUG] cheese - admin
[2022-11-01T17:03:38.465] [DEBUG] cheese - null
[2022-11-01T17:03:38.466] [DEBUG] cheese - null
[2022-11-01T17:14:34.303] [DEBUG] cheese - login => username:admin,password:123456
[2022-11-01T17:14:34.304] [DEBUG] cheese - admin
[2022-11-01T17:14:34.311] [DEBUG] cheese - null
[2022-11-01T17:14:34.311] [DEBUG] cheese - null
[2022-11-03T10:10:40.565] [DEBUG] cheese - login => username:admin,password:123456
[2022-11-03T10:10:40.566] [DEBUG] cheese - admin
[2022-11-03T10:10:40.635] [DEBUG] cheese - { inspect: [Function: inspect] }
[2022-11-03T10:10:40.636] [DEBUG] cheese - 查询失败
[2022-11-03T10:10:42.184] [DEBUG] cheese - login => username:admin,password:123456
[2022-11-03T10:10:42.184] [DEBUG] cheese - admin
[2022-11-03T10:10:42.251] [DEBUG] cheese - { inspect: [Function: inspect] }
[2022-11-03T10:10:42.251] [DEBUG] cheese - 查询失败
[2022-11-03T10:11:28.290] [DEBUG] cheese - login => username:admin,password:123456
[2022-11-03T10:11:28.290] [DEBUG] cheese - admin
[2022-11-03T10:11:28.369] [DEBUG] cheese - { inspect: [Function: inspect] }
[2022-11-03T10:11:28.369] [DEBUG] cheese - 查询失败
[2022-11-03T10:12:18.456] [DEBUG] cheese - login => username:admin,password:123456
[2022-11-03T10:12:18.456] [DEBUG] cheese - admin
[2022-11-03T10:12:18.552] [DEBUG] cheese - { inspect: [Function: inspect] }
[2022-11-03T10:12:18.552] [DEBUG] cheese - 查询失败
[2022-11-03T10:34:08.963] [DEBUG] cheese - login => username:admin,password:123456
[2022-11-03T10:34:08.964] [DEBUG] cheese - admin
[2022-11-03T10:34:09.050] [DEBUG] cheese - { inspect: [Function: inspect] }
[2022-11-03T10:34:09.051] [DEBUG] cheese - 查询失败
[2022-11-03T10:34:10.585] [DEBUG] cheese - login => username:admin,password:123456
[2022-11-03T10:34:10.585] [DEBUG] cheese - admin
[2022-11-03T10:34:10.660] [DEBUG] cheese - { inspect: [Function: inspect] }
[2022-11-03T10:34:10.660] [DEBUG] cheese - 查询失败
[2022-11-03T10:34:29.394] [DEBUG] cheese - login => username:admin,password:123456
[2022-11-03T10:34:29.394] [DEBUG] cheese - admin
[2022-11-03T10:34:29.480] [DEBUG] cheese - { inspect: [Function: inspect] }
[2022-11-03T10:34:29.480] [DEBUG] cheese - 查询失败
[2022-11-03T10:35:22.738] [DEBUG] cheese - login => username:admin,password:123456
[2022-11-03T10:35:22.738] [DEBUG] cheese - admin
[2022-11-03T10:35:22.807] [DEBUG] cheese - { inspect: [Function: inspect] }
[2022-11-03T10:35:22.807] [DEBUG] cheese - 查询失败
[2022-11-03T10:35:23.528] [DEBUG] cheese - login => username:admin,password:123456
[2022-11-03T10:35:23.528] [DEBUG] cheese - admin
[2022-11-03T10:35:23.596] [DEBUG] cheese - { inspect: [Function: inspect] }
[2022-11-03T10:35:23.596] [DEBUG] cheese - 查询失败
[2022-11-03T10:37:25.746] [DEBUG] cheese - login => username:zce,password:123456
[2022-11-03T10:37:25.746] [DEBUG] cheese - zce
[2022-11-03T10:37:25.811] [DEBUG] cheese - { inspect: [Function: inspect] }
[2022-11-03T10:37:25.812] [DEBUG] cheese - 查询失败
[2022-11-03T10:37:26.873] [DEBUG] cheese - login => username:zce,password:123456
[2022-11-03T10:37:26.873] [DEBUG] cheese - zce
[2022-11-03T10:37:26.941] [DEBUG] cheese - { inspect: [Function: inspect] }
[2022-11-03T10:37:26.942] [DEBUG] cheese - 查询失败
[2022-11-03T10:37:31.767] [DEBUG] cheese - login => username:zce,password:123456
[2022-11-03T10:37:31.768] [DEBUG] cheese - zce
[2022-11-03T10:37:31.842] [DEBUG] cheese - { inspect: [Function: inspect] }
[2022-11-03T10:37:31.842] [DEBUG] cheese - 查询失败
[2022-11-03T10:37:32.523] [DEBUG] cheese - login => username:zce,password:123456
[2022-11-03T10:37:32.523] [DEBUG] cheese - zce
[2022-11-03T10:37:32.591] [DEBUG] cheese - { inspect: [Function: inspect] }
[2022-11-03T10:37:32.591] [DEBUG] cheese - 查询失败
[2022-11-03T10:39:17.702] [DEBUG] cheese - login => username:admin,password:123456
[2022-11-03T10:39:17.702] [DEBUG] cheese - admin
[2022-11-03T10:39:17.766] [DEBUG] cheese - { inspect: [Function: inspect] }
[2022-11-03T10:39:17.767] [DEBUG] cheese - 查询失败
[2022-11-03T10:39:18.735] [DEBUG] cheese - login => username:admin,password:123456
[2022-11-03T10:39:18.735] [DEBUG] cheese - admin
[2022-11-03T10:39:18.817] [DEBUG] cheese - { inspect: [Function: inspect] }
[2022-11-03T10:39:18.817] [DEBUG] cheese - 查询失败
[2022-11-03T10:39:21.672] [DEBUG] cheese - login => username:zce,password:123456
[2022-11-03T10:39:21.672] [DEBUG] cheese - zce
[2022-11-03T10:39:21.741] [DEBUG] cheese - { inspect: [Function: inspect] }
[2022-11-03T10:39:21.741] [DEBUG] cheese - 查询失败
[2022-11-03T10:39:22.209] [DEBUG] cheese - login => username:zce,password:123456
[2022-11-03T10:39:22.209] [DEBUG] cheese - zce
[2022-11-03T10:39:22.280] [DEBUG] cheese - { inspect: [Function: inspect] }
[2022-11-03T10:39:22.280] [DEBUG] cheese - 查询失败
[2022-11-03T10:39:22.398] [DEBUG] cheese - login => username:zce,password:123456
[2022-11-03T10:39:22.398] [DEBUG] cheese - zce
[2022-11-03T10:39:22.471] [DEBUG] cheese - { inspect: [Function: inspect] }
[2022-11-03T10:39:22.471] [DEBUG] cheese - 查询失败
[2022-11-03T10:39:22.576] [DEBUG] cheese - login => username:zce,password:123456
[2022-11-03T10:39:22.576] [DEBUG] cheese - zce
[2022-11-03T10:39:22.651] [DEBUG] cheese - { inspect: [Function: inspect] }
[2022-11-03T10:39:22.651] [DEBUG] cheese - 查询失败
[2022-11-03T10:39:22.754] [DEBUG] cheese - login => username:zce,password:123456
[2022-11-03T10:39:22.754] [DEBUG] cheese - zce
[2022-11-03T10:39:22.828] [DEBUG] cheese - { inspect: [Function: inspect] }
[2022-11-03T10:39:22.828] [DEBUG] cheese - 查询失败
[2022-11-03T10:55:55.709] [DEBUG] cheese - login => username:admin
,password:123456
[2022-11-03T10:55:55.710] [DEBUG] cheese - admin

[2022-11-03T10:55:55.784] [DEBUG] cheese - { inspect: [Function: inspect] }
[2022-11-03T10:55:55.785] [DEBUG] cheese - 查询失败
[2022-11-03T10:55:57.811] [DEBUG] cheese - login => username:admin
,password:123456
[2022-11-03T10:55:57.811] [DEBUG] cheese - admin

[2022-11-03T10:55:57.884] [DEBUG] cheese - { inspect: [Function: inspect] }
[2022-11-03T10:55:57.884] [DEBUG] cheese - 查询失败
[2022-11-03T10:56:23.619] [DEBUG] cheese - login => username:admin
,password:123456
[2022-11-03T10:56:23.619] [DEBUG] cheese - admin

[2022-11-03T10:56:23.688] [DEBUG] cheese - { inspect: [Function: inspect] }
[2022-11-03T10:56:23.689] [DEBUG] cheese - 查询失败
[2022-11-03T10:56:29.821] [DEBUG] cheese - login => username:admin,password:123456
[2022-11-03T10:56:29.821] [DEBUG] cheese - admin
[2022-11-03T10:56:29.890] [DEBUG] cheese - { inspect: [Function: inspect] }
[2022-11-03T10:56:29.890] [DEBUG] cheese - 查询失败
[2022-11-03T10:56:35.696] [DEBUG] cheese - login => username:ww,password:123456
[2022-11-03T10:56:35.696] [DEBUG] cheese - ww
[2022-11-03T10:56:35.763] [DEBUG] cheese - { inspect: [Function: inspect] }
[2022-11-03T10:56:35.763] [DEBUG] cheese - 查询失败
[2022-11-03T10:56:45.679] [DEBUG] cheese - login => username:www,password:123
[2022-11-03T10:56:45.679] [DEBUG] cheese - www
[2022-11-03T10:56:45.768] [DEBUG] cheese - { inspect: [Function: inspect] }
[2022-11-03T10:56:45.768] [DEBUG] cheese - 查询失败
[2022-11-03T10:56:46.491] [DEBUG] cheese - login => username:www,password:123
[2022-11-03T10:56:46.491] [DEBUG] cheese - www
[2022-11-03T10:56:46.576] [DEBUG] cheese - { inspect: [Function: inspect] }
[2022-11-03T10:56:46.576] [DEBUG] cheese - 查询失败
[2022-11-03T10:58:32.184] [DEBUG] cheese - login => username:zce,password:123
[2022-11-03T10:58:32.185] [DEBUG] cheese - zce
[2022-11-03T10:58:32.194] [DEBUG] cheese - null
[2022-11-03T10:58:32.194] [DEBUG] cheese - null
[2022-11-03T10:58:41.432] [DEBUG] cheese - login => username:zce,password:123
[2022-11-03T10:58:41.432] [DEBUG] cheese - zce
[2022-11-03T10:58:41.434] [DEBUG] cheese - null
[2022-11-03T10:58:41.435] [DEBUG] cheese - null
[2022-11-03T10:59:07.247] [DEBUG] cheese - login => username:zce,password:123
[2022-11-03T10:59:07.247] [DEBUG] cheese - zce
[2022-11-03T10:59:07.249] [DEBUG] cheese - null
[2022-11-03T10:59:07.249] [DEBUG] cheese - null
[2022-11-03T10:59:08.029] [DEBUG] cheese - login => username:zce,password:123
[2022-11-03T10:59:08.030] [DEBUG] cheese - zce
[2022-11-03T10:59:08.031] [DEBUG] cheese - null
[2022-11-03T10:59:08.031] [DEBUG] cheese - null
[2022-11-03T10:59:08.505] [DEBUG] cheese - login => username:zce,password:123
[2022-11-03T10:59:08.505] [DEBUG] cheese - zce
[2022-11-03T10:59:08.506] [DEBUG] cheese - null
[2022-11-03T10:59:08.507] [DEBUG] cheese - null
[2022-11-03T10:59:12.625] [DEBUG] cheese - login => username:zce,password:123456
[2022-11-03T10:59:12.626] [DEBUG] cheese - zce
[2022-11-03T10:59:12.627] [DEBUG] cheese - null
[2022-11-03T10:59:12.627] [DEBUG] cheese - null
[2022-11-03T10:59:13.225] [DEBUG] cheese - login => username:zce,password:123456
[2022-11-03T10:59:13.225] [DEBUG] cheese - zce
[2022-11-03T10:59:13.226] [DEBUG] cheese - null
[2022-11-03T10:59:13.226] [DEBUG] cheese - null
[2022-11-03T10:59:13.630] [DEBUG] cheese - login => username:zce,password:123456
[2022-11-03T10:59:13.630] [DEBUG] cheese - zce
[2022-11-03T10:59:13.632] [DEBUG] cheese - null
[2022-11-03T10:59:13.632] [DEBUG] cheese - null
[2022-11-03T10:59:14.145] [DEBUG] cheese - login => username:zce,password:123456
[2022-11-03T10:59:14.145] [DEBUG] cheese - zce
[2022-11-03T10:59:14.146] [DEBUG] cheese - null
[2022-11-03T10:59:14.146] [DEBUG] cheese - null
[2022-11-03T11:00:36.575] [DEBUG] cheese - login => username:admin,password:123456
[2022-11-03T11:00:36.575] [DEBUG] cheese - admin
[2022-11-03T11:00:36.579] [DEBUG] cheese - null
[2022-11-03T11:00:36.579] [DEBUG] cheese - null
[2022-11-03T11:01:10.906] [DEBUG] cheese - login => username:admin,password:123456
[2022-11-03T11:01:10.906] [DEBUG] cheese - admin
[2022-11-03T11:01:10.909] [DEBUG] cheese - null
[2022-11-03T11:01:10.909] [DEBUG] cheese - null
[2022-11-03T11:51:22.405] [DEBUG] cheese - login => username:admin,password:123456
[2022-11-03T11:51:22.406] [DEBUG] cheese - admin
[2022-11-03T11:51:22.629] [DEBUG] cheese - null
[2022-11-03T11:51:22.630] [DEBUG] cheese - null
[2022-11-03T11:51:43.295] [DEBUG] cheese - login => username:admin,password:123456
[2022-11-03T11:51:43.296] [DEBUG] cheese - admin
[2022-11-03T11:51:43.365] [DEBUG] cheese - null
[2022-11-03T11:51:43.366] [DEBUG] cheese - null
